<?xml version="1.0" encoding="UTF-8"?>
<coverage generated="1584215823">
  <project timestamp="1584215823">
    <package name="Infection\TestFramework\Codeception">
      <file name="/Users/tfidry/Project/Humbug/codeception-adapter/src/CodeceptionAdapter.php">
        <class name="Infection\TestFramework\Codeception\CodeceptionAdapter" namespace="Infection\TestFramework\Codeception">
          <metrics complexity="30" methods="15" coveredmethods="11" conditionals="0" coveredconditionals="0" statements="120" coveredstatements="99" elements="135" coveredelements="110"/>
        </class>
        <line num="85" type="method" name="__construct" visibility="public" complexity="1" crap="1" count="28"/>
        <line num="97" type="stmt" count="28"/>
        <line num="98" type="stmt" count="28"/>
        <line num="99" type="stmt" count="28"/>
        <line num="100" type="stmt" count="28"/>
        <line num="101" type="stmt" count="28"/>
        <line num="102" type="stmt" count="28"/>
        <line num="103" type="stmt" count="28"/>
        <line num="104" type="stmt" count="28"/>
        <line num="105" type="stmt" count="28"/>
        <line num="106" type="stmt" count="28"/>
        <line num="107" type="stmt" count="28"/>
        <line num="109" type="method" name="hasJUnitReport" visibility="public" complexity="1" crap="1" count="1"/>
        <line num="111" type="stmt" count="1"/>
        <line num="114" type="method" name="testsPass" visibility="public" complexity="5" crap="5" count="4"/>
        <line num="116" type="stmt" count="4"/>
        <line num="117" type="stmt" count="1"/>
        <line num="120" type="stmt" count="3"/>
        <line num="121" type="stmt" count="1"/>
        <line num="125" type="stmt" count="2"/>
        <line num="128" type="stmt" count="2"/>
        <line num="131" type="stmt" count="2"/>
        <line num="133" type="stmt" count="2"/>
        <line num="136" type="method" name="getMemoryUsed" visibility="public" complexity="2" crap="2" count="4"/>
        <line num="138" type="stmt" count="4"/>
        <line num="139" type="stmt" count="3"/>
        <line num="142" type="stmt" count="1"/>
        <line num="145" type="method" name="getName" visibility="public" complexity="1" crap="1" count="2"/>
        <line num="147" type="stmt" count="2"/>
        <line num="150" type="method" name="getInitialTestRunCommandLine" visibility="public" complexity="1" crap="1" count="7"/>
        <line num="152" type="stmt" count="7"/>
        <line num="154" type="stmt" count="7"/>
        <line num="155" type="stmt" count="7"/>
        <line num="157" type="stmt" count="7"/>
        <line num="160" type="stmt" count="7"/>
        <line num="161" type="stmt" count="7"/>
        <line num="163" type="stmt" count="7"/>
        <line num="164" type="stmt" count="7"/>
        <line num="165" type="stmt" count="7"/>
        <line num="166" type="stmt" count="7"/>
        <line num="167" type="stmt" count="7"/>
        <line num="168" type="stmt" count="7"/>
        <line num="169" type="stmt" count="7"/>
        <line num="170" type="stmt" count="7"/>
        <line num="171" type="stmt" count="7"/>
        <line num="172" type="stmt" count="7"/>
        <line num="183" type="method" name="getMutantCommandLine" visibility="public" complexity="1" crap="1" count="8"/>
        <line num="190" type="stmt" count="8"/>
        <line num="192" type="stmt" count="8"/>
        <line num="194" type="stmt" count="8"/>
        <line num="196" type="stmt" count="8"/>
        <line num="197" type="stmt" count="8"/>
        <line num="198" type="stmt" count="8"/>
        <line num="202" type="stmt" count="8"/>
        <line num="204" type="stmt" count="8"/>
        <line num="206" type="stmt" count="8"/>
        <line num="209" type="stmt" count="8"/>
        <line num="210" type="stmt" count="8"/>
        <line num="211" type="stmt" count="8"/>
        <line num="212" type="stmt" count="8"/>
        <line num="213" type="stmt" count="8"/>
        <line num="214" type="stmt" count="8"/>
        <line num="215" type="stmt" count="8"/>
        <line num="216" type="stmt" count="8"/>
        <line num="217" type="stmt" count="8"/>
        <line num="218" type="stmt" count="8"/>
        <line num="219" type="stmt" count="8"/>
        <line num="220" type="stmt" count="8"/>
        <line num="225" type="method" name="getVersion" visibility="public" complexity="3" crap="12" count="0"/>
        <line num="227" type="stmt" count="0"/>
        <line num="228" type="stmt" count="0"/>
        <line num="231" type="stmt" count="0"/>
        <line num="232" type="stmt" count="0"/>
        <line num="233" type="stmt" count="0"/>
        <line num="234" type="stmt" count="0"/>
        <line num="237" type="stmt" count="0"/>
        <line num="238" type="stmt" count="0"/>
        <line num="240" type="stmt" count="0"/>
        <line num="243" type="stmt" count="0"/>
        <line num="244" type="stmt" count="0"/>
        <line num="245" type="stmt" count="0"/>
        <line num="246" type="stmt" count="0"/>
        <line num="247" type="stmt" count="0"/>
        <line num="250" type="stmt" count="0"/>
        <line num="253" type="method" name="getInitialTestsFailRecommendations" visibility="public" complexity="1" crap="2" count="0"/>
        <line num="255" type="stmt" count="0"/>
        <line num="258" type="method" name="getInterceptorFileContent" visibility="protected" complexity="2" crap="2.19" count="8"/>
        <line num="260" type="stmt" count="8"/>
        <line num="262" type="stmt" count="8"/>
        <line num="263" type="stmt" count="0"/>
        <line num="264" type="stmt" count="0"/>
        <line num="265" type="stmt" count="0"/>
        <line num="266" type="stmt" count="0"/>
        <line num="270" type="stmt" count="8"/>
        <line num="273" type="stmt" count="8"/>
        <line num="274" type="stmt" count="8"/>
        <line num="276" type="stmt" count="8"/>
        <line num="278" type="stmt" count="8"/>
        <line num="283" type="method" name="createCustomBootstrapWithInterceptor" visibility="private" complexity="3" crap="3" count="8"/>
        <line num="285" type="stmt" count="8"/>
        <line num="286" type="stmt" count="8"/>
        <line num="288" type="stmt" count="8"/>
        <line num="289" type="stmt" count="8"/>
        <line num="292" type="stmt" count="8"/>
        <line num="299" type="stmt" count="8"/>
        <line num="302" type="stmt" count="8"/>
        <line num="306" type="method" name="getOriginalBootstrapFilePath" visibility="private" complexity="4" crap="4" count="8"/>
        <line num="308" type="stmt" count="8"/>
        <line num="309" type="stmt" count="6"/>
        <line num="312" type="stmt" count="2"/>
        <line num="313" type="stmt" count="1"/>
        <line num="316" type="stmt" count="1"/>
        <line num="317" type="stmt" count="1"/>
        <line num="318" type="stmt" count="1"/>
        <line num="319" type="stmt" count="1"/>
        <line num="320" type="stmt" count="1"/>
        <line num="324" type="method" name="getInterceptorNamespacePrefix" visibility="private" complexity="1" crap="1" count="8"/>
        <line num="326" type="stmt" count="8"/>
        <line num="327" type="stmt" count="8"/>
        <line num="329" type="stmt" count="8"/>
        <line num="335" type="method" name="prepareArgumentsAndOptions" visibility="private" complexity="1" crap="1" count="15"/>
        <line num="337" type="stmt" count="15"/>
        <line num="338" type="stmt" count="15"/>
        <line num="339" type="stmt" count="15"/>
        <line num="343" type="method" name="getCoverageIncludeFiles" visibility="private" complexity="3" crap="3.01" count="7"/>
        <line num="346" type="stmt" count="7"/>
        <line num="347" type="stmt" count="4"/>
        <line num="350" type="stmt" count="3"/>
        <line num="352" type="stmt" count="3"/>
        <line num="353" type="stmt" count="0"/>
        <line num="354" type="stmt" count="3"/>
        <line num="356" type="stmt" count="3"/>
        <line num="357" type="stmt" count="3"/>
        <line num="358" type="stmt" count="3"/>
        <line num="361" type="stmt" count="3"/>
        <metrics loc="363" ncloc="307" classes="1" methods="15" coveredmethods="11" conditionals="0" coveredconditionals="0" statements="120" coveredstatements="99" elements="135" coveredelements="110"/>
      </file>
      <file name="/Users/tfidry/Project/Humbug/codeception-adapter/src/CodeceptionAdapterFactory.php">
        <class name="Infection\TestFramework\Codeception\CodeceptionAdapterFactory" namespace="Infection\TestFramework\Codeception">
          <metrics complexity="6" methods="4" coveredmethods="1" conditionals="0" coveredconditionals="0" statements="14" coveredstatements="10" elements="18" coveredelements="11"/>
        </class>
        <line num="51" type="method" name="create" visibility="public" complexity="2" crap="2" count="1"/>
        <line num="61" type="stmt" count="1"/>
        <line num="62" type="stmt" count="1"/>
        <line num="63" type="stmt" count="1"/>
        <line num="64" type="stmt" count="1"/>
        <line num="65" type="stmt" count="1"/>
        <line num="66" type="stmt" count="1"/>
        <line num="70" type="stmt" count="1"/>
        <line num="75" type="method" name="getAdapterName" visibility="public" complexity="1" crap="2" count="0"/>
        <line num="77" type="stmt" count="0"/>
        <line num="80" type="method" name="getExecutableName" visibility="public" complexity="1" crap="2" count="0"/>
        <line num="82" type="stmt" count="0"/>
        <line num="88" type="method" name="parseYaml" visibility="private" complexity="2" crap="2.26" count="1"/>
        <line num="90" type="stmt" count="1"/>
        <line num="93" type="stmt" count="1"/>
        <line num="94" type="stmt" count="0"/>
        <line num="95" type="stmt" count="0"/>
        <line num="98" type="stmt" count="1"/>
        <metrics loc="100" ncloc="63" classes="1" methods="4" coveredmethods="1" conditionals="0" coveredconditionals="0" statements="14" coveredstatements="10" elements="18" coveredelements="11"/>
      </file>
      <file name="/Users/tfidry/Project/Humbug/codeception-adapter/src/CodeceptionConfigParseException.php">
        <class name="Infection\TestFramework\Codeception\CodeceptionConfigParseException" namespace="Infection\TestFramework\Codeception">
          <metrics complexity="1" methods="1" coveredmethods="0" conditionals="0" coveredconditionals="0" statements="9" coveredstatements="0" elements="10" coveredelements="0"/>
        </class>
        <line num="42" type="method" name="fromPath" visibility="public" complexity="1" crap="2" count="0"/>
        <line num="43" type="stmt" count="0"/>
        <line num="44" type="stmt" count="0"/>
        <line num="45" type="stmt" count="0"/>
        <line num="46" type="stmt" count="0"/>
        <line num="47" type="stmt" count="0"/>
        <line num="48" type="stmt" count="0"/>
        <line num="49" type="stmt" count="0"/>
        <line num="50" type="stmt" count="0"/>
        <line num="51" type="stmt" count="0"/>
        <metrics loc="52" ncloc="21" classes="1" methods="1" coveredmethods="0" conditionals="0" coveredconditionals="0" statements="9" coveredstatements="0" elements="10" coveredelements="0"/>
      </file>
      <file name="/Users/tfidry/Project/Humbug/codeception-adapter/src/CommandLineBuilder.php">
        <class name="Infection\TestFramework\Codeception\CommandLineBuilder" namespace="Infection\TestFramework\Codeception">
          <metrics complexity="11" methods="3" coveredmethods="1" conditionals="0" coveredconditionals="0" statements="20" coveredstatements="16" elements="23" coveredelements="17"/>
        </class>
        <line num="58" type="method" name="build" visibility="public" complexity="6" crap="6.40" count="15"/>
        <line num="60" type="stmt" count="15"/>
        <line num="61" type="stmt" count="0"/>
        <line num="67" type="stmt" count="15"/>
        <line num="75" type="stmt" count="15"/>
        <line num="76" type="stmt" count="0"/>
        <line num="82" type="stmt" count="15"/>
        <line num="83" type="stmt" count="15"/>
        <line num="85" type="stmt" count="15"/>
        <line num="89" type="stmt" count="15"/>
        <line num="95" type="method" name="findPhp" visibility="private" complexity="4" crap="4.13" count="15"/>
        <line num="97" type="stmt" count="15"/>
        <line num="98" type="stmt" count="15"/>
        <line num="100" type="stmt" count="15"/>
        <line num="101" type="stmt" count="0"/>
        <line num="104" type="stmt" count="15"/>
        <line num="106" type="stmt" count="15"/>
        <line num="108" type="stmt" count="15"/>
        <line num="109" type="stmt" count="0"/>
        <line num="112" type="stmt" count="15"/>
        <line num="115" type="stmt" count="15"/>
        <line num="118" type="method" name="isBatchFile" visibility="private" complexity="1" crap="1" count="15"/>
        <line num="120" type="stmt" count="15"/>
        <metrics loc="122" ncloc="64" classes="1" methods="3" coveredmethods="1" conditionals="0" coveredconditionals="0" statements="20" coveredstatements="16" elements="23" coveredelements="17"/>
      </file>
      <file name="/Users/tfidry/Project/Humbug/codeception-adapter/src/Stringifier.php">
        <class name="Infection\TestFramework\Codeception\Stringifier" namespace="Infection\TestFramework\Codeception">
          <metrics complexity="4" methods="3" coveredmethods="2" conditionals="0" coveredconditionals="0" statements="4" coveredstatements="3" elements="7" coveredelements="5"/>
        </class>
        <line num="45" type="method" name="__construct" visibility="private" complexity="1" crap="2" count="0"/>
        <line num="47" type="stmt" count="0"/>
        <line num="49" type="method" name="stringifyBoolean" visibility="public" complexity="2" crap="2" count="9"/>
        <line num="51" type="stmt" count="9"/>
        <line num="57" type="method" name="stringifyArray" visibility="public" complexity="1" crap="1" count="11"/>
        <line num="59" type="stmt" count="11"/>
        <line num="61" type="stmt" count="10"/>
        <metrics loc="63" ncloc="26" classes="1" methods="3" coveredmethods="2" conditionals="0" coveredconditionals="0" statements="4" coveredstatements="3" elements="7" coveredelements="5"/>
      </file>
      <file name="/Users/tfidry/Project/Humbug/codeception-adapter/src/VersionParser.php">
        <class name="Infection\TestFramework\Codeception\VersionParser" namespace="Infection\TestFramework\Codeception">
          <metrics complexity="2" methods="1" coveredmethods="0" conditionals="0" coveredconditionals="0" statements="5" coveredstatements="0" elements="6" coveredelements="0"/>
        </class>
        <line num="47" type="method" name="parse" visibility="public" complexity="2" crap="6" count="0"/>
        <line num="49" type="stmt" count="0"/>
        <line num="50" type="stmt" count="0"/>
        <line num="52" type="stmt" count="0"/>
        <line num="53" type="stmt" count="0"/>
        <line num="56" type="stmt" count="0"/>
        <metrics loc="58" ncloc="24" classes="1" methods="1" coveredmethods="0" conditionals="0" coveredconditionals="0" statements="5" coveredstatements="0" elements="6" coveredelements="0"/>
      </file>
    </package>
    <package name="Infection\TestFramework\Codeception\Coverage">
      <file name="/Users/tfidry/Project/Humbug/codeception-adapter/src/Coverage/JUnitTestCaseSorter.php">
        <class name="Infection\TestFramework\Codeception\Coverage\JUnitTestCaseSorter" namespace="Infection\TestFramework\Codeception\Coverage">
          <metrics complexity="4" methods="2" coveredmethods="0" conditionals="0" coveredconditionals="0" statements="16" coveredstatements="9" elements="18" coveredelements="9"/>
        </class>
        <line num="55" type="method" name="getUniqueSortedFileNames" visibility="public" complexity="1" crap="1.05" count="8"/>
        <line num="57" type="stmt" count="8"/>
        <line num="60" type="stmt" count="8"/>
        <line num="63" type="stmt" count="0"/>
        <line num="64" type="stmt" count="8"/>
        <line num="67" type="stmt" count="8"/>
        <line num="69" type="stmt" count="0"/>
        <line num="71" type="stmt" count="0"/>
        <line num="73" type="stmt" count="8"/>
        <line num="82" type="method" name="uniqueByTestFile" visibility="private" complexity="3" crap="4.12" count="8"/>
        <line num="84" type="stmt" count="8"/>
        <line num="85" type="stmt" count="8"/>
        <line num="87" type="stmt" count="8"/>
        <line num="88" type="stmt" count="0"/>
        <line num="90" type="stmt" count="0"/>
        <line num="91" type="stmt" count="0"/>
        <line num="92" type="stmt" count="0"/>
        <line num="96" type="stmt" count="8"/>
        <metrics loc="98" ncloc="52" classes="1" methods="2" coveredmethods="0" conditionals="0" coveredconditionals="0" statements="16" coveredstatements="9" elements="18" coveredelements="9"/>
      </file>
    </package>
    <metrics files="7" loc="856" ncloc="557" classes="7" methods="29" coveredmethods="15" conditionals="0" coveredconditionals="0" statements="188" coveredstatements="137" elements="217" coveredelements="152"/>
  </project>
</coverage>
